
Showing logs for build [32mcb-kubecd-environment-pr-5285-7-1[0m stage [32mmeta-pipeline[0m and container [32mstep-credential-initializer-56gnl[0m
{"level":"warn","ts":1567500222.7950182,"logger":"fallback-logger","caller":"logging/config.go:69","msg":"Fetch GitHub commit ID from kodata failed: \"ref: refs/heads/master\" is not a valid GitHub commit ID"}
{"level":"info","ts":1567500222.7954996,"logger":"fallback-logger","caller":"creds-init/main.go:40","msg":"Credentials initialized."}

Showing logs for build [32mcb-kubecd-environment-pr-5285-7-1[0m stage [32mmeta-pipeline[0m and container [32mstep-working-dir-initializer-hjjdf[0m
{"level":"warn","ts":1567500224.0057724,"logger":"fallback-logger","caller":"logging/config.go:69","msg":"Fetch GitHub commit ID from kodata failed: open /var/run/ko/HEAD: no such file or directory"}
{"level":"info","ts":1567500224.007143,"logger":"fallback-logger","caller":"bash/main.go:65","msg":"Successfully executed command \"mkdir -p /workspace/source\""}

Showing logs for build [32mcb-kubecd-environment-pr-5285-7-1[0m stage [32mmeta-pipeline[0m and container [32mstep-place-tools[0m

Showing logs for build [32mcb-kubecd-environment-pr-5285-7-1[0m stage [32mmeta-pipeline[0m and container [32mstep-git-source-meta-cb-kubecd-environment-pr-5-8t9f5[0m
{"level":"warn","ts":1567500229.056656,"logger":"fallback-logger","caller":"logging/config.go:69","msg":"Fetch GitHub commit ID from kodata failed: \"ref: refs/heads/master\" is not a valid GitHub commit ID"}
{"level":"info","ts":1567500229.623061,"logger":"fallback-logger","caller":"git/git.go:102","msg":"Successfully cloned https://github.com/cb-kubecd/environment-pr-5285-7-tekton-gkebdd-staging.git @ 97edec0b65876b94950219fa36c760fe2611ee1b in path /workspace/source"}

Showing logs for build [32mcb-kubecd-environment-pr-5285-7-1[0m stage [32mmeta-pipeline[0m and container [32mstep-git-merge[0m
Using SHAs from PULL_REFS=master:97edec0b65876b94950219fa36c760fe2611ee1b,1:69aa6b24c32a5f3a050e792a8e87fe6917bb9121
DEBUG: ran git fetch --unshallow origin 69aa6b24c32a5f3a050e792a8e87fe6917bb9121: 97edec0b65876b94950219fa36c760fe2611ee1b: in 
DEBUG: ran git checkout master in 
DEBUG: ran git reset --hard 97edec0b65876b94950219fa36c760fe2611ee1b in 
DEBUG: ran clean --force -d . in 
DEBUG: ran git merge 69aa6b24c32a5f3a050e792a8e87fe6917bb9121 in 
Merged SHA 69aa6b24c32a5f3a050e792a8e87fe6917bb9121 with commit message 'chore: Promote bdd-spring-1567499997 to version 0.0.1' into base branch master

Showing logs for build [32mcb-kubecd-environment-pr-5285-7-1[0m stage [32mmeta-pipeline[0m and container [32mstep-merge-pull-refs[0m
DEBUG: ran git fetch origin 69aa6b24c32a5f3a050e792a8e87fe6917bb9121: 97edec0b65876b94950219fa36c760fe2611ee1b: in 
DEBUG: Unshallowed git repo in 
DEBUG: ran git checkout master in 
DEBUG: ran git reset --hard 97edec0b65876b94950219fa36c760fe2611ee1b in 
DEBUG: ran clean --force -d . in 
DEBUG: ran git merge 69aa6b24c32a5f3a050e792a8e87fe6917bb9121 in 
Merged SHA 69aa6b24c32a5f3a050e792a8e87fe6917bb9121 with commit message 'chore: Promote bdd-spring-1567499997 to version 0.0.1' into base branch master

Showing logs for build [32mcb-kubecd-environment-pr-5285-7-1[0m stage [32mmeta-pipeline[0m and container [32mstep-create-effective-pipeline[0m
Deleting and cloning the Jenkins X versions repo
Cloning the Jenkins X versions repo https://github.com/jenkins-x/jenkins-x-versions.git with ref refs/heads/master to /builder/home/.**/jenkins-x-versions
selected pack: /builder/home/.**/draft/packs/github.com/jenkins-x-buildpacks/jenkins-x-kubernetes/packs/environment
Effective pipeline written to jenkins-x-promotion-build-effective.yml

Showing logs for build [32mcb-kubecd-environment-pr-5285-7-1[0m stage [32mmeta-pipeline[0m and container [32mstep-create-tekton-crds[0m
PipelineActivity for cb-kubecd-environment-pr-5285-7-tekton-gkebdd-staging-PR-1-1
Applying changes 
upserted PipelineResource cb-kubecd-environment-pr-5285-7 for the git repository https://github.com/cb-kubecd/environment-pr-5285-7-tekton-gkebdd-staging.git
upserted Task cb-kubecd-environment-pr-5285-7-from-build-pack-1
upserted Pipeline cb-kubecd-environment-pr-5285-7-1
created PipelineRun cb-kubecd-environment-pr-5285-7-1
created PipelineStructure cb-kubecd-environment-pr-5285-7-1

Showing logs for build [32mcb-kubecd-environment-pr-5285-7-1[0m stage [32mfrom-build-pack[0m and container [32mstep-credential-initializer-2jn9p[0m
{"level":"warn","ts":1567500240.0775216,"logger":"fallback-logger","caller":"logging/config.go:69","msg":"Fetch GitHub commit ID from kodata failed: \"ref: refs/heads/master\" is not a valid GitHub commit ID"}
{"level":"info","ts":1567500240.0786653,"logger":"fallback-logger","caller":"creds-init/main.go:40","msg":"Credentials initialized."}

Showing logs for build [32mcb-kubecd-environment-pr-5285-7-1[0m stage [32mfrom-build-pack[0m and container [32mstep-working-dir-initializer-wjjcd[0m
{"level":"warn","ts":1567500240.649827,"logger":"fallback-logger","caller":"logging/config.go:69","msg":"Fetch GitHub commit ID from kodata failed: open /var/run/ko/HEAD: no such file or directory"}
{"level":"info","ts":1567500240.6528502,"logger":"fallback-logger","caller":"bash/main.go:65","msg":"Successfully executed command \"mkdir -p /workspace/source /workspace/source/env\""}

Showing logs for build [32mcb-kubecd-environment-pr-5285-7-1[0m stage [32mfrom-build-pack[0m and container [32mstep-place-tools[0m

Showing logs for build [32mcb-kubecd-environment-pr-5285-7-1[0m stage [32mfrom-build-pack[0m and container [32mstep-git-source-cb-kubecd-environment-pr-5285-7-79gpt[0m
{"level":"warn","ts":1567500362.8229878,"logger":"fallback-logger","caller":"logging/config.go:69","msg":"Fetch GitHub commit ID from kodata failed: \"ref: refs/heads/master\" is not a valid GitHub commit ID"}
{"level":"info","ts":1567500363.487016,"logger":"fallback-logger","caller":"git/git.go:102","msg":"Successfully cloned https://github.com/cb-kubecd/environment-pr-5285-7-tekton-gkebdd-staging.git @ master in path /workspace/source"}

Showing logs for build [32mcb-kubecd-environment-pr-5285-7-1[0m stage [32mfrom-build-pack[0m and container [32mstep-git-merge[0m
Using SHAs from PULL_REFS=master:97edec0b65876b94950219fa36c760fe2611ee1b,1:69aa6b24c32a5f3a050e792a8e87fe6917bb9121
DEBUG: ran git fetch origin 69aa6b24c32a5f3a050e792a8e87fe6917bb9121: 97edec0b65876b94950219fa36c760fe2611ee1b: in 
DEBUG: Unshallowed git repo in 
DEBUG: ran git checkout master in 
DEBUG: ran git reset --hard 97edec0b65876b94950219fa36c760fe2611ee1b in 
DEBUG: ran clean --force -d . in 
DEBUG: ran git merge 69aa6b24c32a5f3a050e792a8e87fe6917bb9121 in 
Merged SHA 69aa6b24c32a5f3a050e792a8e87fe6917bb9121 with commit message 'chore: Promote bdd-spring-1567499997 to version 0.0.1' into base branch master

Showing logs for build [32mcb-kubecd-environment-pr-5285-7-1[0m stage [32mfrom-build-pack[0m and container [32mstep-build-helm-build[0m
WARNING: No $CHART_REPOSITORY defined so using the default value of: http://jenkins-x-chartmuseum:8080
Adding missing Helm repo: storage.googleapis.com https://storage.googleapis.com/chartmuseum.jenkins-x.io
Successfully added Helm repository storage.googleapis.com.
Adding missing Helm repo: jenkins-x-chartmuseum http://jenkins-x-chartmuseum:8080
Successfully added Helm repository jenkins-x-chartmuseum.
WARNING: No $CHART_REPOSITORY defined so using the default value of: http://jenkins-x-chartmuseum:8080
Adding missing Helm repo: chartmuseum.jenkins-x.io http://chartmuseum.jenkins-x.io
Successfully added Helm repository chartmuseum.jenkins-x.io.
